# Commands log — All Convolutional Net reproduction
# prj_0a3202fc187bb692
# Paper: Springenberg et al. 2015, arXiv:1412.6806

# Environment verification
python -c "import torch, torchvision, numpy, matplotlib, tqdm; print('torch', torch.__version__)"
# Exit 0

# Architecture tests (all 12 CIFAR variants + ImageNet)
python -c "from models import build_cifar_model, ImageNetAllCNNB; import torch; [build_cifar_model(f'{p}_{m}', 10)(torch.randn(2,3,32,32)) for p in ['base','strided','convpool','allcnn'] for m in ['A','B','C']]; print('OK')"
# Exit 0 — verified all 12 architectures produce correct output shapes

# Guided backpropagation test
python -c "from models import build_cifar_model; from guided_backprop import GuidedBackprop; import torch; m=build_cifar_model('allcnn_c'); gb=GuidedBackprop(m); s=gb.attribute(torch.randn(1,3,32,32)); print('GB shape:', s.shape)"
# Exit 0 — guided backprop produces (3,32,32) saliency map

# CIFAR-10 download test
python -c "from data import get_cifar_loaders_simple; tl,vl,nc=get_cifar_loaders_simple('cifar10', '/tmp/cf10', 64); print('classes:', nc)"
# Exit 0 — CIFAR-10 downloads from toronto.edu

# 3-epoch smoke run (AllCNN-C, 512 train samples)
python train_cell.py --cell-params '{"arch":"allcnn_c","dataset":"cifar10","augment":true,"use_zca":false,"seed":42,"lr":0.05,"n_epochs":3,"n_epochs_cpu":3,"max_train_cpu":512,"data_root":"/tmp/cifar_smoke_test"}'
# Exit 0 — produces metrics.json with status=ok, test_accuracy=0.10 (random init, 3 epochs, 512 samples)

# Full run (GPU) — called by harness via cells.json + train_cell.py
# The harness reads cells.json and runs each cell with:
# REPROLAB_CELL_PARAMS='<json>' REPROLAB_CELL_OUTPUT_DIR='<dir>' python train_cell.py
# 17 cells × 350 epochs on GPU (5 epochs on CPU smoke)
# Expected runtime: ~2h on 2x24GB GPU (7 cells parallel)
python train.py
# Exit 0 — sequential sweep over all cells, writes $OUTPUT_DIR/metrics.json

# ---- REPAIR 2026-06-08 ----
# Bug: train_cell.py line 187 defaulted data_root to os.path.join(os.environ.get('OUTPUT_DIR','/artifacts'),'data')
# When harness cell runner launches cells directly (not via train.py), OUTPUT_DIR is NOT set in the child env.
# The harness sets REPROLAB_CELL_OUTPUT_DIR but NOT OUTPUT_DIR.
# Result: data_root = '/artifacts/data' → os.makedirs('/artifacts', ...) → PermissionError: [Errno 13] Permission denied: '/artifacts'
# Fix:
#   data_root now resolves via: cell_params['data_root'] > DATA_ROOT env > OUTPUT_DIR/data > REPROLAB_CELL_OUTPUT_DIR/../cifar_shared_data
#   This is always a writable path. ZCA cache also moved to data_root (was output_dir/../zca_*.npy).
# Verified:
#   python3 -c "import ast; ast.parse(open('train_cell.py').read()); print('syntax OK')"  # Exit 0
#   python3 -c "from models import build_cifar_model; ..." — all 12 models build  # Exit 0
