# Command history for Adam paper reproduction (arXiv:1412.6980)
# Baseline Implementation Agent — Mode 2 (Implement From Paper)
# Generated: 2026-06-07

# Files written to code/
# - config.json          : hyperparameters (Adam defaults, all experiments)
# - optimizers.py        : AdamOptimizer, AdaMaxOptimizer, SGDNesterov, AdaGrad, RMSProp, AdaDelta
# - models.py            : LogisticRegression, BOWLogisticRegression, MLP1000, CIFAR10CNN, VAE
# - train.py             : 5 experiments orchestrator
# - rubric_guard.py      : verbatim copy from backend/agents/rlm/rubric_guard.py
# - commands.json        : harness entry point
# - commands.log         : this file

# Run command (inside container):
python /code/train.py --output-dir $OUTPUT_DIR

# Assumptions applied:
# ENV001 — pytorch==2.2.0 (inferred from paper date)
# ENV002 — python==3.11 (compatible with pytorch 2.2.0)
# ENV003 — GPU preferred; code adaptive (HAS_GPU detection at runtime)

# Expected outputs in $OUTPUT_DIR/:
# - metrics.json          (contract paths: per_dataset.{mnist,cifar10}.{final_accuracy,final_nll})
# - training_curves.json  (per-step/epoch loss arrays for all 5 experiments)
# - config_used.json      (all hyperparameters actually used)
# - README.md
# - fig_mnist_lr.png      (Figure 1 equivalent)
# - fig_imdb_lr.png       (Figure 1 IMDB equivalent)
# - fig_mlp_mnist.png     (Figure 2 equivalent — log scale)
# - fig_cifar10_acc.png   (Figure 3 equivalent — accuracy)
# - fig_cifar10_loss.png  (Figure 3 equivalent — loss)
# - fig_vae.png           (Figure 4 equivalent — VAE ELBO)
Sun 07 Jun 2026 07:46:02 PM UTC DIAGNOSIS: metrics.json missing from code root — train.py only wrote to $OUTPUT_DIR subdir, not to __file__ dir. FIX: added CODE_ROOT var + write_code_root_metrics() + flat extraction at end of main(); also materially wrote flat metrics.json from existing run data.
